<?xml version="1.0" encoding="UTF-8"?>
<!-- Generated by org.testng.reporters.JUnitXMLReporter -->
<testsuite ignored="1" hostname="DESKTOP-E71253M" failures="0" tests="1" name="Login Page Test" time="42.583" errors="0" timestamp="2023-07-31T19:40:08 IST">
  <testcase classname="com.qa.opencart.tests.ProductInfoTest" name="verifyProductMeatData" time="4.977"/>
  <testcase classname="com.qa.opencart.tests.ProductInfoTest" name="verifyProductImages" time="0.0">
    <ignored/>
  </testcase> <!-- verifyProductImages -->
</testsuite> <!-- Login Page Test -->
