<?xml version="1.0" encoding="UTF-8"?>
<testng-results ignored="1" total="2" passed="1" failed="0" skipped="0">
  <reporter-output>
  </reporter-output>
  <suite started-at="2023-07-31T19:39:25 IST" name="Opencart App Test Regression Suite" finished-at="2023-07-31T19:40:08 IST" duration-ms="42583">
    <groups>
    </groups>
    <test started-at="2023-07-31T19:39:25 IST" name="Login Page Test" finished-at="2023-07-31T19:40:08 IST" duration-ms="42583">
      <class name="com.qa.opencart.tests.ProductInfoTest">
        <test-method is-config="true" signature="setup()[pri:0, instance:com.qa.opencart.tests.ProductInfoTest@24269709]" started-at="2023-07-31T19:39:25 IST" name="setup" finished-at="2023-07-31T19:40:00 IST" duration-ms="34818" status="PASS">
          <reporter-output>
          </reporter-output>
        </test-method> <!-- setup -->
        <test-method is-config="true" signature="productInfoSetup()[pri:0, instance:com.qa.opencart.tests.ProductInfoTest@24269709]" started-at="2023-07-31T19:40:00 IST" name="productInfoSetup" finished-at="2023-07-31T19:40:02 IST" duration-ms="1614" status="PASS">
          <reporter-output>
          </reporter-output>
        </test-method> <!-- productInfoSetup -->
        <test-method signature="verifyProductMeatData()[pri:0, instance:com.qa.opencart.tests.ProductInfoTest@24269709]" started-at="2023-07-31T19:40:02 IST" name="verifyProductMeatData" finished-at="2023-07-31T19:40:07 IST" duration-ms="4977" status="PASS">
          <reporter-output>
          </reporter-output>
        </test-method> <!-- verifyProductMeatData -->
        <test-method is-config="true" signature="closeBrowser()[pri:0, instance:com.qa.opencart.tests.ProductInfoTest@24269709]" started-at="2023-07-31T19:40:07 IST" name="closeBrowser" finished-at="2023-07-31T19:40:08 IST" duration-ms="1140" status="PASS">
          <reporter-output>
          </reporter-output>
        </test-method> <!-- closeBrowser -->
      </class> <!-- com.qa.opencart.tests.ProductInfoTest -->
    </test> <!-- Login Page Test -->
  </suite> <!-- Opencart App Test Regression Suite -->
</testng-results>
