<?xml version="1.0" encoding="UTF-8"?>
<testng-results ignored="1" total="2" passed="1" failed="0" skipped="0">
  <reporter-output>
  </reporter-output>
  <suite started-at="2023-07-31T18:13:13 IST" name="Opencart App Test Regression Suite" finished-at="2023-07-31T18:13:55 IST" duration-ms="42761">
    <groups>
    </groups>
    <test started-at="2023-07-31T18:13:13 IST" name="Login Page Test" finished-at="2023-07-31T18:13:55 IST" duration-ms="42761">
      <class name="com.qa.opencart.tests.ProductInfoTest">
        <test-method is-config="true" signature="setup()[pri:0, instance:com.qa.opencart.tests.ProductInfoTest@1613674b]" started-at="2023-07-31T18:13:13 IST" name="setup" finished-at="2023-07-31T18:13:49 IST" duration-ms="36654" status="PASS">
          <reporter-output>
          </reporter-output>
        </test-method> <!-- setup -->
        <test-method is-config="true" signature="productInfoSetup()[pri:0, instance:com.qa.opencart.tests.ProductInfoTest@1613674b]" started-at="2023-07-31T18:13:49 IST" name="productInfoSetup" finished-at="2023-07-31T18:13:52 IST" duration-ms="2926" status="PASS">
          <reporter-output>
          </reporter-output>
        </test-method> <!-- productInfoSetup -->
        <test-method signature="verifyProductMeatData()[pri:0, instance:com.qa.opencart.tests.ProductInfoTest@1613674b]" started-at="2023-07-31T18:13:52 IST" name="verifyProductMeatData" finished-at="2023-07-31T18:13:55 IST" duration-ms="2936" status="PASS">
          <reporter-output>
          </reporter-output>
        </test-method> <!-- verifyProductMeatData -->
        <test-method is-config="true" signature="closeBrowser()[pri:0, instance:com.qa.opencart.tests.ProductInfoTest@1613674b]" started-at="2023-07-31T18:13:55 IST" name="closeBrowser" finished-at="2023-07-31T18:13:55 IST" duration-ms="192" status="PASS">
          <reporter-output>
          </reporter-output>
        </test-method> <!-- closeBrowser -->
      </class> <!-- com.qa.opencart.tests.ProductInfoTest -->
    </test> <!-- Login Page Test -->
  </suite> <!-- Opencart App Test Regression Suite -->
</testng-results>
